<?xml version="1.0" encoding="UTF-8"?>
<!-- Generated by org.testng.reporters.JUnitReportReporter -->
<testsuite hostname="DESKTOP-3QHUGC0" failures="0" tests="1" name="PageTestPackage.LandingPageTest" time="4.618" errors="0" timestamp="2022-12-14T15:37:37 PST" skipped="0">
  <testcase classname="PageTestPackage.LandingPageTest" name="logouttest" time="4.618"/>
  <system-out/>
</testsuite> <!-- PageTestPackage.LandingPageTest -->
