<?xml version="1.0" encoding="UTF-8"?>
<!-- Generated by org.testng.reporters.JUnitReportReporter -->
<testsuite hostname="DESKTOP-3QHUGC0" failures="0" tests="4" name="PageTestPackage.LoginPageDDT" time="33.381" errors="0" timestamp="2022-12-14T15:37:37 PST" skipped="0">
  <testcase classname="PageTestPackage.LoginPageDDT" name="loginddt" time="5.793"/>
  <system-out/>
  <testcase classname="PageTestPackage.LoginPageDDT" name="loginddt" time="8.045"/>
  <system-out/>
  <testcase classname="PageTestPackage.LoginPageDDT" name="loginddt" time="8.988"/>
  <system-out/>
  <testcase classname="PageTestPackage.LoginPageDDT" name="loginddt" time="10.555"/>
  <system-out/>
</testsuite> <!-- PageTestPackage.LoginPageDDT -->
