<?xml version="1.0" encoding="UTF-8"?>
<!-- Generated by org.testng.reporters.JUnitReportReporter -->
<testsuite hostname="DESKTOP-3QHUGC0" failures="0" tests="6" name="PageTestPackage.LoginPageTest" time="45.328" errors="0" timestamp="2022-12-14T15:37:37 PST" skipped="0">
  <testcase classname="PageTestPackage.LoginPageTest" name="checkwblTest" time="6.082"/>
  <system-out/>
  <testcase classname="PageTestPackage.LoginPageTest" name="verifylogoTest" time="10.973"/>
  <system-out/>
  <testcase classname="PageTestPackage.LoginPageTest" name="verifymailTest" time="8.864"/>
  <system-out/>
  <testcase classname="PageTestPackage.LoginPageTest" name="verifylogintitleTest" time="5.309"/>
  <system-out/>
  <testcase classname="PageTestPackage.LoginPageTest" name="loginTest" time="7.130"/>
  <system-out/>
  <testcase classname="PageTestPackage.LoginPageTest" name="verifyfreestudentaccesTesT" time="6.970"/>
  <system-out/>
</testsuite> <!-- PageTestPackage.LoginPageTest -->
