<?xml version="1.0" encoding="UTF-8"?>
<!-- Generated by org.testng.reporters.JUnitReportReporter -->
<testsuite hostname="DESKTOP-3QHUGC0" failures="0" tests="2" name="PageTestPackage.HomePageTest" time="14.611" errors="0" timestamp="2022-12-14T15:37:37 PST" skipped="0">
  <testcase classname="PageTestPackage.HomePageTest" name="clickloginbtn" time="7.170"/>
  <system-out/>
  <testcase classname="PageTestPackage.HomePageTest" name="checklogo1" time="7.441"/>
  <system-out/>
</testsuite> <!-- PageTestPackage.HomePageTest -->
